<?xml version="1.0" encoding="UTF-8"?>
<testsuite name="com.telran.oscarLatestVersion.tests.user.UserProfileTests" tests="6" skipped="0" failures="0" errors="0" timestamp="2023-01-13T16:57:32" hostname="DESKTOP-J22V0IL" time="53.671">
  <properties/>
  <testcase name="cancelChangePasswordPositiveTest" classname="com.telran.oscarLatestVersion.tests.user.UserProfileTests" time="2.974"/>
  <testcase name="cancelDeleteProfilePositiveTest" classname="com.telran.oscarLatestVersion.tests.user.UserProfileTests" time="0.752"/>
  <testcase name="cancelEditProfilePositiveTest" classname="com.telran.oscarLatestVersion.tests.user.UserProfileTests" time="0.75"/>
  <testcase name="changePasswordPositiveTest" classname="com.telran.oscarLatestVersion.tests.user.UserProfileTests" time="3.25"/>
  <testcase name="editEmailPositiveTest" classname="com.telran.oscarLatestVersion.tests.user.UserProfileTests" time="1.902"/>
  <testcase name="editProfilePositiveTest" classname="com.telran.oscarLatestVersion.tests.user.UserProfileTests" time="0.94"/>
  <system-out><![CDATA[]]></system-out>
  <system-err><![CDATA[Starting ChromeDriver 108.0.5359.71 (1e0e3868ee06e91ad636a874420e3ca3ae3756ac-refs/branch-heads/5359@{#1016}) on port 20285
Only local connections are allowed.
Please see https://chromedriver.chromium.org/security-considerations for suggestions on keeping ChromeDriver safe.
ChromeDriver was started successfully.
Jan. 13, 2023 5:57:27 NACHM. org.openqa.selenium.remote.ProtocolHandshake createSession
INFORMATION: Detected dialect: W3C
Starting ChromeDriver 108.0.5359.71 (1e0e3868ee06e91ad636a874420e3ca3ae3756ac-refs/branch-heads/5359@{#1016}) on port 43968
Only local connections are allowed.
Please see https://chromedriver.chromium.org/security-considerations for suggestions on keeping ChromeDriver safe.
ChromeDriver was started successfully.
Jan. 13, 2023 5:57:38 NACHM. org.openqa.selenium.remote.ProtocolHandshake createSession
INFORMATION: Detected dialect: W3C
Starting ChromeDriver 108.0.5359.71 (1e0e3868ee06e91ad636a874420e3ca3ae3756ac-refs/branch-heads/5359@{#1016}) on port 4169
Only local connections are allowed.
Please see https://chromedriver.chromium.org/security-considerations for suggestions on keeping ChromeDriver safe.
ChromeDriver was started successfully.
Jan. 13, 2023 5:57:48 NACHM. org.openqa.selenium.remote.ProtocolHandshake createSession
INFORMATION: Detected dialect: W3C
Starting ChromeDriver 108.0.5359.71 (1e0e3868ee06e91ad636a874420e3ca3ae3756ac-refs/branch-heads/5359@{#1016}) on port 29940
Only local connections are allowed.
Please see https://chromedriver.chromium.org/security-considerations for suggestions on keeping ChromeDriver safe.
ChromeDriver was started successfully.
Jan. 13, 2023 5:57:57 NACHM. org.openqa.selenium.remote.ProtocolHandshake createSession
INFORMATION: Detected dialect: W3C
Starting ChromeDriver 108.0.5359.71 (1e0e3868ee06e91ad636a874420e3ca3ae3756ac-refs/branch-heads/5359@{#1016}) on port 40917
Only local connections are allowed.
Please see https://chromedriver.chromium.org/security-considerations for suggestions on keeping ChromeDriver safe.
ChromeDriver was started successfully.
Jan. 13, 2023 5:58:09 NACHM. org.openqa.selenium.remote.ProtocolHandshake createSession
INFORMATION: Detected dialect: W3C
Starting ChromeDriver 108.0.5359.71 (1e0e3868ee06e91ad636a874420e3ca3ae3756ac-refs/branch-heads/5359@{#1016}) on port 41418
Only local connections are allowed.
Please see https://chromedriver.chromium.org/security-considerations for suggestions on keeping ChromeDriver safe.
ChromeDriver was started successfully.
Jan. 13, 2023 5:58:20 NACHM. org.openqa.selenium.remote.ProtocolHandshake createSession
INFORMATION: Detected dialect: W3C
]]></system-err>
</testsuite>
